[2025-07-18 11:27:00] ============================================================
[2025-07-18 11:27:00] Starting NSSM service wrapper
[2025-07-18 11:27:00] Python: D:\OneDrive\Documentos\workspace\winlldp\.venv\Scripts\python.exe
[2025-07-18 11:27:00] Working directory: D:\OneDrive\Documentos\workspace\winlldp
[2025-07-18 11:27:00] Changed directory to: D:\OneDrive\Documentos\workspace\winlldp
[2025-07-18 11:27:01] Creating configuration...
[2025-07-18 11:27:01] Creating service...
[2025-07-18 11:27:01] Starting service...
[2025-07-18 11:27:01] Service started successfully, entering main loop...
[2025-07-18 11:31:54] ============================================================
[2025-07-18 11:31:54] Starting NSSM service wrapper
[2025-07-18 11:31:54] Python: D:\OneDrive\Documentos\workspace\winlldp\.venv\Scripts\python.exe
[2025-07-18 11:31:54] Working directory: D:\OneDrive\Documentos\workspace\winlldp
[2025-07-18 11:31:54] Changed directory to: D:\OneDrive\Documentos\workspace\winlldp
[2025-07-18 11:31:54] Creating configuration...
[2025-07-18 11:31:54] Creating service...
[2025-07-18 11:31:54] Starting service...
[2025-07-18 11:31:55] Service started successfully, entering main loop...
[2025-07-18 11:36:47] ============================================================
[2025-07-18 11:36:47] Starting NSSM service wrapper
[2025-07-18 11:36:47] Python: D:\OneDrive\Documentos\workspace\winlldp\.venv\Scripts\python.exe
[2025-07-18 11:36:47] Working directory: D:\OneDrive\Documentos\workspace\winlldp
[2025-07-18 11:36:47] Changed directory to: D:\OneDrive\Documentos\workspace\winlldp
[2025-07-18 11:36:47] Creating configuration...
[2025-07-18 11:36:47] Creating service...
[2025-07-18 11:36:47] Starting service...
[2025-07-18 11:36:48] Service started successfully, entering main loop...
